<?xml version="1.0" encoding="UTF-8"?>
<!-- Generated by org.testng.reporters.JUnitReportReporter -->
<testsuite skipped="0" hostname="Krishnas-MacBook-Air.local" name="testNgProject.ParmetersClass" tests="1" failures="0" timestamp="2020-06-25T16:57:17 IST" time="7.661" errors="0">
  <testcase name="login" time="7.661" classname="testNgProject.ParmetersClass"/>
  <system-out/>
</testsuite> <!-- testNgProject.ParmetersClass -->
