<?xml version="1.0" encoding="UTF-8"?>
<!-- Generated by org.testng.reporters.JUnitReportReporter -->
<testsuite skipped="0" hostname="Krishnas-MacBook-Air.local" name="CommonActions.CommonAction" tests="1" failures="0" timestamp="2020-06-25T10:45:29 IST" time="10.157" errors="0">
  <testcase name="setup1" time="10.157" classname="CommonActions.CommonAction"/>
  <system-out/>
</testsuite> <!-- CommonActions.CommonAction -->
