<?xml version="1.0" encoding="UTF-8"?>
<!-- Generated by org.testng.reporters.JUnitReportReporter -->
<testsuite skipped="0" hostname="Krishnas-MacBook-Air.local" name="TestnGScreenshot.ScreenShotTest" tests="1" failures="0" timestamp="2020-06-02T12:55:24 IST" time="4.094" errors="0">
  <testcase name="loginTest" time="4.094" classname="TestnGScreenshot.ScreenShotTest"/>
  <system-out/>
</testsuite> <!-- TestnGScreenshot.ScreenShotTest -->
