<?xml version="1.0" encoding="UTF-8"?>
<!-- Generated by org.testng.reporters.JUnitReportReporter -->
<testsuite skipped="0" hostname="Krishnas-MacBook-Air.local" name="testNgProject.TestngGroups" tests="5" failures="0" timestamp="2020-05-30T11:45:13 IST" time="0.063" errors="0">
  <testcase name="regression2" time="0.010" classname="testNgProject.TestngGroups"/>
  <system-out/>
  <testcase name="sanity1" time="0.022" classname="testNgProject.TestngGroups"/>
  <system-out/>
  <testcase name="regression1" time="0.015" classname="testNgProject.TestngGroups"/>
  <system-out/>
  <testcase name="sanity2" time="0.012" classname="testNgProject.TestngGroups"/>
  <system-out/>
  <testcase name="regression" time="0.004" classname="testNgProject.TestngGroups"/>
  <system-out/>
</testsuite> <!-- testNgProject.TestngGroups -->
