<?xml version="1.0" encoding="UTF-8"?>
<!-- Generated by org.testng.reporters.JUnitReportReporter -->
<testsuite skipped="0" hostname="Krishnas-MacBook-Air.local" name="testNgProject.TestNgDependsAndPriority" tests="2" failures="0" timestamp="2020-05-30T11:58:10 IST" time="0.024" errors="0">
  <testcase name="sanity1" time="0.011" classname="testNgProject.TestNgDependsAndPriority"/>
  <system-out/>
  <testcase name="sanity2" time="0.013" classname="testNgProject.TestNgDependsAndPriority"/>
  <system-out/>
</testsuite> <!-- testNgProject.TestNgDependsAndPriority -->
