<?xml version="1.0" encoding="UTF-8"?>
<!-- Generated by org.testng.reporters.JUnitReportReporter -->
<testsuite skipped="0" hostname="Krishnas-MacBook-Air.local" name="TestNgListeners.IretryAnalyzer" tests="2" failures="0" timestamp="2020-06-01T08:12:58 IST" time="0.012" errors="0">
  <testcase name="method2" time="0.002" classname="TestNgListeners.IretryAnalyzer"/>
  <system-out/>
  <testcase name="method1" time="0.010" classname="TestNgListeners.IretryAnalyzer"/>
  <system-out/>
</testsuite> <!-- TestNgListeners.IretryAnalyzer -->
