<?xml version="1.0" encoding="UTF-8"?>
<!-- Generated by org.testng.reporters.JUnitReportReporter -->
<testsuite skipped="0" hostname="Krishnas-MacBook-Air.local" name="testNgProject.RailWire" tests="1" failures="0" timestamp="2020-05-29T23:21:17 IST" time="17.876" errors="0">
  <testcase name="login" time="17.876" classname="testNgProject.RailWire"/>
  <system-out/>
</testsuite> <!-- testNgProject.RailWire -->
