<?xml version="1.0" encoding="UTF-8"?>
<!-- Generated by org.testng.reporters.JUnitReportReporter -->
<testsuite skipped="0" hostname="Krishnas-MacBook-Air.local" name="testNgProject.InvocationCountAndExceptionTimeOut" tests="3" failures="0" timestamp="2020-05-30T12:24:11 IST" time="0.023" errors="0">
  <testcase name="test2" time="0.004" classname="testNgProject.InvocationCountAndExceptionTimeOut"/>
  <system-out/>
  <testcase name="test1" time="0.015" classname="testNgProject.InvocationCountAndExceptionTimeOut"/>
  <system-out/>
  <testcase name="test1" time="0.004" classname="testNgProject.InvocationCountAndExceptionTimeOut"/>
  <system-out/>
</testsuite> <!-- testNgProject.InvocationCountAndExceptionTimeOut -->
