<?xml version="1.0" encoding="UTF-8"?>
<!-- Generated by org.testng.reporters.JUnitReportReporter -->
<testsuite skipped="0" hostname="Krishnas-MacBook-Air.local" name="testcases.LoginPage" tests="1" failures="0" timestamp="2020-06-25T17:00:42 IST" time="6.936" errors="0">
  <testcase name="login" time="6.936" classname="testcases.LoginPage"/>
  <system-out/>
</testsuite> <!-- testcases.LoginPage -->
