<?xml version="1.0" encoding="UTF-8"?>
<!-- Generated by org.testng.reporters.JUnitReportReporter -->
<testsuite skipped="0" hostname="Krishnas-MacBook-Air.local" name="testNgProject.BasicAnnotations" tests="2" failures="0" timestamp="2020-06-15T21:38:56 IST" time="0.019" errors="0">
  <testcase name="apple" time="0.010" classname="testNgProject.BasicAnnotations"/>
  <system-out/>
  <testcase name="orange" time="0.009" classname="testNgProject.BasicAnnotations"/>
  <system-out/>
</testsuite> <!-- testNgProject.BasicAnnotations -->
