<?xml version="1.0" encoding="UTF-8"?>
<!-- Generated by org.testng.reporters.JUnitReportReporter -->
<testsuite skipped="0" hostname="Krishnas-MacBook-Air.local" name="testcases.MyAccountPage" tests="1" failures="0" timestamp="2020-06-25T17:00:37 IST" time="9.137" errors="0">
  <testcase name="myAccount" time="9.137" classname="testcases.MyAccountPage"/>
  <system-out/>
</testsuite> <!-- testcases.MyAccountPage -->
